<?xml version="1.0" encoding="UTF-8"?>
<!-- Generated by org.testng.reporters.JUnitReportReporter -->
<testsuite hostname="DIPAYAN" failures="0" tests="3" name="runner.GetUserTests" time="7.203" errors="0" timestamp="2024-01-28T13:04:28 IST" skipped="0">
  <testcase classname="runner.GetUserTests" name="runScenario" time="4.425"/>
  <testcase classname="runner.GetUserTests" name="runScenario" time="1.960"/>
  <testcase classname="runner.GetUserTests" name="runScenario" time="0.818"/>
</testsuite> <!-- runner.GetUserTests -->
