<?xml version="1.0" encoding="UTF-8"?>
<!-- Generated by org.testng.reporters.JUnitReportReporter -->
<testsuite hostname="DIPAYAN" failures="0" tests="1" name="runner.APITests" time="0.103" errors="0" timestamp="2024-01-07T20:16:16 IST" skipped="0">
  <testcase classname="runner.APITests" name="runScenario" time="0.103"/>
</testsuite> <!-- runner.APITests -->
