<?xml version="1.0" encoding="UTF-8"?>
<!-- Generated by org.testng.reporters.JUnitReportReporter -->
<testsuite hostname="DIPAYAN" failures="0" tests="4" name="runner.RegistrationAndLoginTests" time="5.435" errors="0" timestamp="2024-02-04T16:09:56 IST" skipped="0">
  <testcase classname="runner.RegistrationAndLoginTests" name="runScenario" time="0.399"/>
  <testcase classname="runner.RegistrationAndLoginTests" name="runScenario" time="0.423"/>
  <testcase classname="runner.RegistrationAndLoginTests" name="runScenario" time="0.407"/>
  <testcase classname="runner.RegistrationAndLoginTests" name="runScenario" time="4.206"/>
</testsuite> <!-- runner.RegistrationAndLoginTests -->
