<?xml version="1.0" encoding="UTF-8"?>
<!-- Generated by org.testng.reporters.JUnitReportReporter -->
<testsuite hostname="DIPAYAN" failures="0" tests="3" name="runner.GetResourceTests" time="10.399" errors="0" timestamp="2024-02-03T13:25:38 IST" skipped="0">
  <testcase classname="runner.GetResourceTests" name="runScenario" time="1.997"/>
  <testcase classname="runner.GetResourceTests" name="runScenario" time="4.224"/>
  <testcase classname="runner.GetResourceTests" name="runScenario" time="4.178"/>
</testsuite> <!-- runner.GetResourceTests -->
