<?xml version="1.0" encoding="UTF-8"?>
<!-- Generated by org.testng.reporters.JUnitReportReporter -->
<testsuite hostname="DIPAYAN" failures="0" tests="3" name="runner.GetUserTests" time="37.844" errors="0" timestamp="2024-01-27T23:42:42 IST" skipped="0">
  <testcase classname="runner.GetUserTests" name="runScenario" time="2.541"/>
  <testcase classname="runner.GetUserTests" name="runScenario" time="1.395"/>
  <testcase classname="runner.GetUserTests" name="runScenario" time="33.908"/>
</testsuite> <!-- runner.GetUserTests -->
