<?xml version="1.0" encoding="UTF-8"?>
<!-- Generated by org.testng.reporters.JUnitReportReporter -->
<testsuite hostname="DIPAYAN" failures="0" tests="4" name="runner.CRUDTests" time="16.388" errors="0" timestamp="2024-02-03T13:05:07 IST" skipped="0">
  <testcase classname="runner.CRUDTests" name="runScenario" time="2.693"/>
  <testcase classname="runner.CRUDTests" name="runScenario" time="3.275"/>
  <testcase classname="runner.CRUDTests" name="runScenario" time="3.648"/>
  <testcase classname="runner.CRUDTests" name="runScenario" time="6.772"/>
</testsuite> <!-- runner.CRUDTests -->
